<?xml version="1.0" encoding="UTF-8"?>
<!-- Generated by org.testng.reporters.JUnitReportReporter -->
<testsuite hostname="DESKTOP-8O5L726" failures="0" tests="1" name="com.testing.testcases.LoginPageTest" time="16.227" errors="0" timestamp="30 Apr 2021 05:59:35 GMT" skipped="0">
  <testcase classname="com.testing.testcases.LoginPageTest" name="tc_01" time="16.227"/>
</testsuite> <!-- com.testing.testcases.LoginPageTest -->
